1675013071496	geckodriver	INFO	Listening on 127.0.0.1:62890
1675013074559	mozrunner::runner	INFO	Running command: "C:\\Program Files\\Mozilla Firefox\\firefox.exe" "--marionette" "--remote-debugging-port" "62891" "--remote-allow-hosts" "localhost" "-no-remote" "-profile" "C:\\Users\\laura\\AppData\\Local\\Temp\\rust_mozprofileYBexTH"
1675013075098	Marionette	INFO	Marionette enabled
Dynamically enable window occlusion 0
1675013075108	Marionette	INFO	Listening on port 62899
Read port: 62899
WebDriver BiDi listening on ws://127.0.0.1:62891
1675013075319	RemoteAgent	WARN	TLS certificate errors will be ignored for this session
console.warn: SearchSettings: "get: No settings file exists, new profile?" (new NotFoundError("Could not open the file at C:\\Users\\laura\\AppData\\Local\\Temp\\rust_mozprofileYBexTH\\search.json.mozlz4", (void 0)))
DevTools listening on ws://127.0.0.1:62891/devtools/browser/270653ca-295f-4ed6-9891-c3f4ab5fcd3d
JavaScript warning: https://www.douglas.de/O0pL-jLHl/UM6Sv4WGw/Et7rwtYrf5/aDtvbS14Ag/JF/oMXj1vVQI, line 1: unreachable code after return statement
JavaScript warning: https://www.douglas.de/O0pL-jLHl/UM6Sv4WGw/Et7rwtYrf5/aDtvbS14Ag/JF/oMXj1vVQI, line 1: WEBGL_debug_renderer_info is deprecated in Firefox and will be removed. Please use RENDERER.
JavaScript warning: https://www.douglas.de/O0pL-jLHl/UM6Sv4WGw/Et7rwtYrf5/aDtvbS14Ag/JF/oMXj1vVQI, line 1: WEBGL_debug_renderer_info is deprecated in Firefox and will be removed. Please use RENDERER.
JavaScript warning: https://www.douglas.de/O0pL-jLHl/UM6Sv4WGw/Et7rwtYrf5/aDtvbS14Ag/JF/oMXj1vVQI, line 1: unreachable code after return statement
JavaScript warning: https://www.douglas.de/O0pL-jLHl/UM6Sv4WGw/Et7rwtYrf5/aDtvbS14Ag/JF/oMXj1vVQI, line 1: WEBGL_debug_renderer_info is deprecated in Firefox and will be removed. Please use RENDERER.
JavaScript warning: https://www.douglas.de/O0pL-jLHl/UM6Sv4WGw/Et7rwtYrf5/aDtvbS14Ag/JF/oMXj1vVQI, line 1: WEBGL_debug_renderer_info is deprecated in Firefox and will be removed. Please use RENDERER.
JavaScript warning: https://89390e168cd4.cdn4.forter.com/sn/89390e168cd4/script.js, line 13: WEBGL_debug_renderer_info is deprecated in Firefox and will be removed. Please use RENDERER.
JavaScript warning: https://www.douglas.de/O0pL-jLHl/UM6Sv4WGw/Et7rwtYrf5/aDtvbS14Ag/JF/oMXj1vVQI, line 1: unreachable code after return statement
JavaScript warning: https://www.douglas.de/O0pL-jLHl/UM6Sv4WGw/Et7rwtYrf5/aDtvbS14Ag/JF/oMXj1vVQI, line 1: WEBGL_debug_renderer_info is deprecated in Firefox and will be removed. Please use RENDERER.
JavaScript warning: https://www.douglas.de/O0pL-jLHl/UM6Sv4WGw/Et7rwtYrf5/aDtvbS14Ag/JF/oMXj1vVQI, line 1: WEBGL_debug_renderer_info is deprecated in Firefox and will be removed. Please use RENDERER.
JavaScript warning: https://www.douglas.de/O0pL-jLHl/UM6Sv4WGw/Et7rwtYrf5/aDtvbS14Ag/JF/oMXj1vVQI, line 1: unreachable code after return statement
JavaScript warning: https://www.douglas.de/O0pL-jLHl/UM6Sv4WGw/Et7rwtYrf5/aDtvbS14Ag/JF/oMXj1vVQI, line 1: WEBGL_debug_renderer_info is deprecated in Firefox and will be removed. Please use RENDERER.
JavaScript warning: https://www.douglas.de/O0pL-jLHl/UM6Sv4WGw/Et7rwtYrf5/aDtvbS14Ag/JF/oMXj1vVQI, line 1: WEBGL_debug_renderer_info is deprecated in Firefox and will be removed. Please use RENDERER.
JavaScript warning: https://www.douglas.de/O0pL-jLHl/UM6Sv4WGw/Et7rwtYrf5/aDtvbS14Ag/JF/oMXj1vVQI, line 1: unreachable code after return statement
JavaScript warning: https://www.douglas.de/O0pL-jLHl/UM6Sv4WGw/Et7rwtYrf5/aDtvbS14Ag/JF/oMXj1vVQI, line 1: WEBGL_debug_renderer_info is deprecated in Firefox and will be removed. Please use RENDERER.
JavaScript warning: https://www.douglas.de/O0pL-jLHl/UM6Sv4WGw/Et7rwtYrf5/aDtvbS14Ag/JF/oMXj1vVQI, line 1: WEBGL_debug_renderer_info is deprecated in Firefox and will be removed. Please use RENDERER.
JavaScript warning: https://www.douglas.de/O0pL-jLHl/UM6Sv4WGw/Et7rwtYrf5/aDtvbS14Ag/JF/oMXj1vVQI, line 1: unreachable code after return statement
JavaScript warning: https://www.douglas.de/O0pL-jLHl/UM6Sv4WGw/Et7rwtYrf5/aDtvbS14Ag/JF/oMXj1vVQI, line 1: WEBGL_debug_renderer_info is deprecated in Firefox and will be removed. Please use RENDERER.
JavaScript warning: https://www.douglas.de/O0pL-jLHl/UM6Sv4WGw/Et7rwtYrf5/aDtvbS14Ag/JF/oMXj1vVQI, line 1: WEBGL_debug_renderer_info is deprecated in Firefox and will be removed. Please use RENDERER.
JavaScript warning: https://www.douglas.de/O0pL-jLHl/UM6Sv4WGw/Et7rwtYrf5/aDtvbS14Ag/JF/oMXj1vVQI, line 1: unreachable code after return statement
JavaScript warning: https://www.douglas.de/O0pL-jLHl/UM6Sv4WGw/Et7rwtYrf5/aDtvbS14Ag/JF/oMXj1vVQI, line 1: WEBGL_debug_renderer_info is deprecated in Firefox and will be removed. Please use RENDERER.
JavaScript warning: https://www.douglas.de/O0pL-jLHl/UM6Sv4WGw/Et7rwtYrf5/aDtvbS14Ag/JF/oMXj1vVQI, line 1: WEBGL_debug_renderer_info is deprecated in Firefox and will be removed. Please use RENDERER.
1675013907377	Marionette	INFO	Stopped listening on port 62899
Dynamically enable window occlusion 1
console.warn: TopSitesFeed: Failed to fetch data from Contile server: NetworkError when attempting to fetch resource.
e-allow-hosts" "localhost" "-no-remote" "-profile" "C:\\Users\\laura\\AppData\\Local\\Temp\\rust_mozprofileMvK0LB"
1675013493382	Marionette	INFO	Marionette enabled
Dynamically enable window occlusion 0
1675013493388	Marionette	INFO	Listening on port 51307
Read port: 51307
WebDriver BiDi listening on ws://127.0.0.1:51300
1675013493543	RemoteAgent	WARN	TLS certificate errors will be ignored for this session
console.warn: SearchSettings: "get: No settings file exists, new profile?" (new NotFoundError("Could not open the file at C:\\Users\\laura\\AppData\\Local\\Temp\\rust_mozprofileMvK0LB\\search.json.mozlz4", (void 0)))
DevTools listening on ws://127.0.0.1:51300/devtools/browser/20281d1b-589f-4371-8a9e-eaa3c13ad14d
JavaScript warning: https://www.douglas.de/O0pL-jLHl/UM6Sv4WGw/Et7rwtYrf5/aDtvbS14Ag/JF/oMXj1vVQI, line 1: unreachable code after return statement
JavaScript warning: https://www.douglas.de/O0pL-jLHl/UM6Sv4WGw/Et7rwtYrf5/aDtvbS14Ag/JF/oMXj1vVQI, line 1: WEBGL_debug_renderer_info is deprecated in Firefox and will be removed. Please use RENDERER.
JavaScript warning: https://www.douglas.de/O0pL-jLHl/UM6Sv4WGw/Et7rwtYrf5/aDtvbS14Ag/JF/oMXj1vVQI, line 1: WEBGL_debug_renderer_info is deprecated in Firefox and will be removed. Please use RENDERER.
JavaScript warning: https://www.douglas.de/O0pL-jLHl/UM6Sv4WGw/Et7rwtYrf5/aDtvbS14Ag/JF/oMXj1vVQI, line 1: unreachable code after return statement
JavaScript warning: https://www.douglas.de/O0pL-jLHl/UM6Sv4WGw/Et7rwtYrf5/aDtvbS14Ag/JF/oMXj1vVQI, line 1: WEBGL_debug_renderer_info is deprecated in Firefox and will be removed. Please use RENDERER.
JavaScript warning: https://www.douglas.de/O0pL-jLHl/UM6Sv4WGw/Et7rwtYrf5/aDtvbS14Ag/JF/oMXj1vVQI, line 1: WEBGL_debug_renderer_info is deprecated in Firefox and will be removed. Please use RENDERER.
JavaScript warning: https://www.douglas.de/O0pL-jLHl/UM6Sv4WGw/Et7rwtYrf5/aDtvbS14Ag/JF/oMXj1vVQI, line 1: unreachable code after return statement
JavaScript warning: https://www.douglas.de/O0pL-jLHl/UM6Sv4WGw/Et7rwtYrf5/aDtvbS14Ag/JF/oMXj1vVQI, line 1: WEBGL_debug_renderer_info is deprecated in Firefox and will be removed. Please use RENDERER.
JavaScript warning: https://www.douglas.de/O0pL-jLHl/UM6Sv4WGw/Et7rwtYrf5/aDtvbS14Ag/JF/oMXj1vVQI, line 1: WEBGL_debug_renderer_info is deprecated in Firefox and will be removed. Please use RENDERER.
JavaScript warning: https://www.douglas.de/O0pL-jLHl/UM6Sv4WGw/Et7rwtYrf5/aDtvbS14Ag/JF/oMXj1vVQI, line 1: unreachable code after return statement
JavaScript warning: https://www.douglas.de/O0pL-jLHl/UM6Sv4WGw/Et7rwtYrf5/aDtvbS14Ag/JF/oMXj1vVQI, line 1: WEBGL_debug_renderer_info is deprecated in Firefox and will be removed. Please use RENDERER.
JavaScript warning: https://www.douglas.de/O0pL-jLHl/UM6Sv4WGw/Et7rwtYrf5/aDtvbS14Ag/JF/oMXj1vVQI, line 1: WEBGL_debug_renderer_info is deprecated in Firefox and will be removed. Please use RENDERER.
JavaScript warning: https://www.douglas.de/O0pL-jLHl/UM6Sv4WGw/Et7rwtYrf5/aDtvbS14Ag/JF/oMXj1vVQI, line 1: unreachable code after return statement
JavaScript warning: https://www.douglas.de/O0pL-jLHl/UM6Sv4WGw/Et7rwtYrf5/aDtvbS14Ag/JF/oMXj1vVQI, line 1: WEBGL_debug_renderer_info is deprecated in Firefox and will be removed. Please use RENDERER.
JavaScript warning: https://www.douglas.de/O0pL-jLHl/UM6Sv4WGw/Et7rwtYrf5/aDtvbS14Ag/JF/oMXj1vVQI, line 1: WEBGL_debug_renderer_info is deprecated in Firefox and will be removed. Please use RENDERER.
JavaScript warning: https://www.douglas.de/O0pL-jLHl/UM6Sv4WGw/Et7rwtYrf5/aDtvbS14Ag/JF/oMXj1vVQI, line 1: unreachable code after return statement
JavaScript warning: https://www.douglas.de/O0pL-jLHl/UM6Sv4WGw/Et7rwtYrf5/aDtvbS14Ag/JF/oMXj1vVQI, line 1: WEBGL_debug_renderer_info is deprecated in Firefox and will be removed. Please use RENDERER.
JavaScript warning: https://www.douglas.de/O0pL-jLHl/UM6Sv4WGw/Et7rwtYrf5/aDtvbS14Ag/JF/oMXj1vVQI, line 1: WEBGL_debug_renderer_info is deprecated in Firefox and will be removed. Please use RENDERER.
JavaScript warning: https://www.douglas.de/O0pL-jLHl/UM6Sv4WGw/Et7rwtYrf5/aDtvbS14Ag/JF/oMXj1vVQI, line 1: unreachable code after return statement
JavaScript warning: https://www.douglas.de/O0pL-jLHl/UM6Sv4WGw/Et7rwtYrf5/aDtvbS14Ag/JF/oMXj1vVQI, line 1: WEBGL_debug_renderer_info is deprecated in Firefox and will be removed. Please use RENDERER.
JavaScript warning: https://www.douglas.de/O0pL-jLHl/UM6Sv4WGw/Et7rwtYrf5/aDtvbS14Ag/JF/oMXj1vVQI, line 1: WEBGL_debug_renderer_info is deprecated in Firefox and will be removed. Please use RENDERER.
JavaScript warning: https://www.douglas.de/O0pL-jLHl/UM6Sv4WGw/Et7rwtYrf5/aDtvbS14Ag/JF/oMXj1vVQI, line 1: unreachable code after return statement
JavaScript warning: https://www.douglas.de/O0pL-jLHl/UM6Sv4WGw/Et7rwtYrf5/aDtvbS14Ag/JF/oMXj1vVQI, line 1: WEBGL_debug_renderer_info is deprecated in Firefox and will be removed. Please use RENDERER.
JavaScript warning: https://www.douglas.de/O0pL-jLHl/UM6Sv4WGw/Et7rwtYrf5/aDtvbS14Ag/JF/oMXj1vVQI, line 1: WEBGL_debug_renderer_info is deprecated in Firefox and will be removed. Please use RENDERER.
1675013908352	Marionette	INFO	Stopped listening on port 51307
Dynamically enable window occlusion 1
console.warn: TopSitesFeed: Failed to fetch data from Contile server: NetworkError when attempting to fetch resource.
e-allow-hosts" "localhost" "-no-remote" "-profile" "C:\\Users\\laura\\AppData\\Local\\Temp\\rust_mozprofiley9G6ep"
1675013729242	Marionette	INFO	Marionette enabled
Dynamically enable window occlusion 0
1675013729248	Marionette	INFO	Listening on port 58963
Read port: 58963
WebDriver BiDi listening on ws://127.0.0.1:58956
1675013729407	RemoteAgent	WARN	TLS certificate errors will be ignored for this session
console.warn: SearchSettings: "get: No settings file exists, new profile?" (new NotFoundError("Could not open the file at C:\\Users\\laura\\AppData\\Local\\Temp\\rust_mozprofiley9G6ep\\search.json.mozlz4", (void 0)))
DevTools listening on ws://127.0.0.1:58956/devtools/browser/eb6115e7-1ffe-439a-84f8-6296adb4f667
JavaScript warning: https://www.douglas.de/O0pL-jLHl/UM6Sv4WGw/Et7rwtYrf5/aDtvbS14Ag/JF/oMXj1vVQI, line 1: unreachable code after return statement
JavaScript warning: https://www.douglas.de/O0pL-jLHl/UM6Sv4WGw/Et7rwtYrf5/aDtvbS14Ag/JF/oMXj1vVQI, line 1: WEBGL_debug_renderer_info is deprecated in Firefox and will be removed. Please use RENDERER.
JavaScript warning: https://www.douglas.de/O0pL-jLHl/UM6Sv4WGw/Et7rwtYrf5/aDtvbS14Ag/JF/oMXj1vVQI, line 1: WEBGL_debug_renderer_info is deprecated in Firefox and will be removed. Please use RENDERER.
JavaScript warning: https://www.douglas.de/O0pL-jLHl/UM6Sv4WGw/Et7rwtYrf5/aDtvbS14Ag/JF/oMXj1vVQI, line 1: unreachable code after return statement
JavaScript warning: https://www.douglas.de/O0pL-jLHl/UM6Sv4WGw/Et7rwtYrf5/aDtvbS14Ag/JF/oMXj1vVQI, line 1: WEBGL_debug_renderer_info is deprecated in Firefox and will be removed. Please use RENDERER.
JavaScript warning: https://www.douglas.de/O0pL-jLHl/UM6Sv4WGw/Et7rwtYrf5/aDtvbS14Ag/JF/oMXj1vVQI, line 1: WEBGL_debug_renderer_info is deprecated in Firefox and will be removed. Please use RENDERER.
JavaScript warning: https://www.douglas.de/O0pL-jLHl/UM6Sv4WGw/Et7rwtYrf5/aDtvbS14Ag/JF/oMXj1vVQI, line 1: unreachable code after return statement
JavaScript warning: https://www.douglas.de/O0pL-jLHl/UM6Sv4WGw/Et7rwtYrf5/aDtvbS14Ag/JF/oMXj1vVQI, line 1: WEBGL_debug_renderer_info is deprecated in Firefox and will be removed. Please use RENDERER.
JavaScript warning: https://www.douglas.de/O0pL-jLHl/UM6Sv4WGw/Et7rwtYrf5/aDtvbS14Ag/JF/oMXj1vVQI, line 1: WEBGL_debug_renderer_info is deprecated in Firefox and will be removed. Please use RENDERER.
JavaScript warning: https://www.douglas.de/O0pL-jLHl/UM6Sv4WGw/Et7rwtYrf5/aDtvbS14Ag/JF/oMXj1vVQI, line 1: unreachable code after return statement
JavaScript warning: https://www.douglas.de/O0pL-jLHl/UM6Sv4WGw/Et7rwtYrf5/aDtvbS14Ag/JF/oMXj1vVQI, line 1: WEBGL_debug_renderer_info is deprecated in Firefox and will be removed. Please use RENDERER.
JavaScript warning: https://www.douglas.de/O0pL-jLHl/UM6Sv4WGw/Et7rwtYrf5/aDtvbS14Ag/JF/oMXj1vVQI, line 1: WEBGL_debug_renderer_info is deprecated in Firefox and will be removed. Please use RENDERER.
JavaScript warning: https://www.douglas.de/O0pL-jLHl/UM6Sv4WGw/Et7rwtYrf5/aDtvbS14Ag/JF/oMXj1vVQI, line 1: unreachable code after return statement
JavaScript warning: https://www.douglas.de/O0pL-jLHl/UM6Sv4WGw/Et7rwtYrf5/aDtvbS14Ag/JF/oMXj1vVQI, line 1: WEBGL_debug_renderer_info is deprecated in Firefox and will be removed. Please use RENDERER.
JavaScript warning: https://www.douglas.de/O0pL-jLHl/UM6Sv4WGw/Et7rwtYrf5/aDtvbS14Ag/JF/oMXj1vVQI, line 1: WEBGL_debug_renderer_info is deprecated in Firefox and will be removed. Please use RENDERER.
JavaScript warning: https://www.douglas.de/O0pL-jLHl/UM6Sv4WGw/Et7rwtYrf5/aDtvbS14Ag/JF/oMXj1vVQI, line 1: unreachable code after return statement
JavaScript warning: https://www.douglas.de/O0pL-jLHl/UM6Sv4WGw/Et7rwtYrf5/aDtvbS14Ag/JF/oMXj1vVQI, line 1: WEBGL_debug_renderer_info is deprecated in Firefox and will be removed. Please use RENDERER.
JavaScript warning: https://www.douglas.de/O0pL-jLHl/UM6Sv4WGw/Et7rwtYrf5/aDtvbS14Ag/JF/oMXj1vVQI, line 1: WEBGL_debug_renderer_info is deprecated in Firefox and will be removed. Please use RENDERER.
JavaScript warning: https://www.douglas.de/O0pL-jLHl/UM6Sv4WGw/Et7rwtYrf5/aDtvbS14Ag/JF/oMXj1vVQI, line 1: unreachable code after return statement
JavaScript warning: https://www.douglas.de/O0pL-jLHl/UM6Sv4WGw/Et7rwtYrf5/aDtvbS14Ag/JF/oMXj1vVQI, line 1: WEBGL_debug_renderer_info is deprecated in Firefox and will be removed. Please use RENDERER.
JavaScript warning: https://www.douglas.de/O0pL-jLHl/UM6Sv4WGw/Et7rwtYrf5/aDtvbS14Ag/JF/oMXj1vVQI, line 1: WEBGL_debug_renderer_info is deprecated in Firefox and will be removed. Please use RENDERER.
1675013909185	Marionette	INFO	Stopped listening on port 58963
Dynamically enable window occlusion 1
console.warn: TopSitesFeed: Failed to fetch data from Contile server: NetworkError when attempting to fetch resource.
1675014023002	geckodriver	INFO	Listening on 127.0.0.1:59178
1675014026041	mozrunner::runner	INFO	Running command: "C:\\Program Files\\Mozilla Firefox\\firefox.exe" "--marionette" "--remote-debugging-port" "59179" "--remote-allow-hosts" "localhost" "-no-remote" "-profile" "C:\\Users\\laura\\AppData\\Local\\Temp\\rust_mozprofileLAu3Ik"
1675014026498	Marionette	INFO	Marionette enabled
Dynamically enable window occlusion 0
1675014026505	Marionette	INFO	Listening on port 59186
Read port: 59186
WebDriver BiDi listening on ws://127.0.0.1:59179
1675014026685	RemoteAgent	WARN	TLS certificate errors will be ignored for this session
console.warn: SearchSettings: "get: No settings file exists, new profile?" (new NotFoundError("Could not open the file at C:\\Users\\laura\\AppData\\Local\\Temp\\rust_mozprofileLAu3Ik\\search.json.mozlz4", (void 0)))
DevTools listening on ws://127.0.0.1:59179/devtools/browser/c6246678-d2af-4f89-8551-030e9cdf5108
JavaScript warning: https://www.douglas.de/O0pL-jLHl/UM6Sv4WGw/Et7rwtYrf5/aDtvbS14Ag/JF/oMXj1vVQI, line 1: unreachable code after return statement
JavaScript warning: https://www.douglas.de/O0pL-jLHl/UM6Sv4WGw/Et7rwtYrf5/aDtvbS14Ag/JF/oMXj1vVQI, line 1: WEBGL_debug_renderer_info is deprecated in Firefox and will be removed. Please use RENDERER.
JavaScript warning: https://www.douglas.de/O0pL-jLHl/UM6Sv4WGw/Et7rwtYrf5/aDtvbS14Ag/JF/oMXj1vVQI, line 1: WEBGL_debug_renderer_info is deprecated in Firefox and will be removed. Please use RENDERER.
JavaScript warning: https://www.douglas.de/O0pL-jLHl/UM6Sv4WGw/Et7rwtYrf5/aDtvbS14Ag/JF/oMXj1vVQI, line 1: unreachable code after return statement
JavaScript warning: https://www.douglas.de/O0pL-jLHl/UM6Sv4WGw/Et7rwtYrf5/aDtvbS14Ag/JF/oMXj1vVQI, line 1: WEBGL_debug_renderer_info is deprecated in Firefox and will be removed. Please use RENDERER.
JavaScript warning: https://www.douglas.de/O0pL-jLHl/UM6Sv4WGw/Et7rwtYrf5/aDtvbS14Ag/JF/oMXj1vVQI, line 1: WEBGL_debug_renderer_info is deprecated in Firefox and will be removed. Please use RENDERER.
1675014084150	geckodriver	INFO	Listening on 127.0.0.1:59270
1675014087216	mozrunner::runner	INFO	Running command: "C:\\Program Files\\Mozilla Firefox\\firefox.exe" "--marionette" "--remote-debugging-port" "59271" "--remote-allow-hosts" "localhost" "-no-remote" "-profile" "C:\\Users\\laura\\AppData\\Local\\Temp\\rust_mozprofilehOhg1l"
1675014087655	Marionette	INFO	Marionette enabled
Dynamically enable window occlusion 0
1675014087662	Marionette	INFO	Listening on port 59278
Read port: 59278
WebDriver BiDi listening on ws://127.0.0.1:59271
1675014087808	RemoteAgent	WARN	TLS certificate errors will be ignored for this session
console.warn: SearchSettings: "get: No settings file exists, new profile?" (new NotFoundError("Could not open the file at C:\\Users\\laura\\AppData\\Local\\Temp\\rust_mozprofilehOhg1l\\search.json.mozlz4", (void 0)))
DevTools listening on ws://127.0.0.1:59271/devtools/browser/d80455be-7c4c-4b76-b513-5d5ec41d0b88
JavaScript warning: https://www.douglas.de/O0pL-jLHl/UM6Sv4WGw/Et7rwtYrf5/aDtvbS14Ag/JF/oMXj1vVQI, line 1: unreachable code after return statement
JavaScript warning: https://www.douglas.de/O0pL-jLHl/UM6Sv4WGw/Et7rwtYrf5/aDtvbS14Ag/JF/oMXj1vVQI, line 1: WEBGL_debug_renderer_info is deprecated in Firefox and will be removed. Please use RENDERER.
JavaScript warning: https://www.douglas.de/O0pL-jLHl/UM6Sv4WGw/Et7rwtYrf5/aDtvbS14Ag/JF/oMXj1vVQI, line 1: WEBGL_debug_renderer_info is deprecated in Firefox and will be removed. Please use RENDERER.
JavaScript error: https://www.douglas.de/public/bundle.f1631d3226d05c58b963.js, line 1: ChunkLoadError: Loading chunk 109 failed.
(error: https://www.douglas.de/public/109.8ed5e9508686e68af16a.async.js)
JavaScript error: https://www.douglas.de/public/bundle.f1631d3226d05c58b963.js, line 1: ChunkLoadError: Loading chunk 73 failed.
(error: https://www.douglas.de/public/73.d5bd9c56f91f88a5e639.async.js)
JavaScript warning: https://www.douglas.de/O0pL-jLHl/UM6Sv4WGw/Et7rwtYrf5/aDtvbS14Ag/JF/oMXj1vVQI, line 1: unreachable code after return statement
JavaScript warning: https://www.douglas.de/O0pL-jLHl/UM6Sv4WGw/Et7rwtYrf5/aDtvbS14Ag/JF/oMXj1vVQI, line 1: WEBGL_debug_renderer_info is deprecated in Firefox and will be removed. Please use RENDERER.
JavaScript warning: https://www.douglas.de/O0pL-jLHl/UM6Sv4WGw/Et7rwtYrf5/aDtvbS14Ag/JF/oMXj1vVQI, line 1: WEBGL_debug_renderer_info is deprecated in Firefox and will be removed. Please use RENDERER.
JavaScript warning: https://www.douglas.de/O0pL-jLHl/UM6Sv4WGw/Et7rwtYrf5/aDtvbS14Ag/JF/oMXj1vVQI, line 1: unreachable code after return statement
JavaScript warning: https://www.douglas.de/O0pL-jLHl/UM6Sv4WGw/Et7rwtYrf5/aDtvbS14Ag/JF/oMXj1vVQI, line 1: WEBGL_debug_renderer_info is deprecated in Firefox and will be removed. Please use RENDERER.
JavaScript warning: https://www.douglas.de/O0pL-jLHl/UM6Sv4WGw/Et7rwtYrf5/aDtvbS14Ag/JF/oMXj1vVQI, line 1: WEBGL_debug_renderer_info is deprecated in Firefox and will be removed. Please use RENDERER.
JavaScript warning: https://www.douglas.de/O0pL-jLHl/UM6Sv4WGw/Et7rwtYrf5/aDtvbS14Ag/JF/oMXj1vVQI, line 1: unreachable code after return statement
JavaScript warning: https://www.douglas.de/O0pL-jLHl/UM6Sv4WGw/Et7rwtYrf5/aDtvbS14Ag/JF/oMXj1vVQI, line 1: WEBGL_debug_renderer_info is deprecated in Firefox and will be removed. Please use RENDERER.
JavaScript warning: https://www.douglas.de/O0pL-jLHl/UM6Sv4WGw/Et7rwtYrf5/aDtvbS14Ag/JF/oMXj1vVQI, line 1: WEBGL_debug_renderer_info is deprecated in Firefox and will be removed. Please use RENDERER.
JavaScript warning: https://www.douglas.de/O0pL-jLHl/UM6Sv4WGw/Et7rwtYrf5/aDtvbS14Ag/JF/oMXj1vVQI, line 1: unreachable code after return statement
JavaScript warning: https://www.douglas.de/O0pL-jLHl/UM6Sv4WGw/Et7rwtYrf5/aDtvbS14Ag/JF/oMXj1vVQI, line 1: WEBGL_debug_renderer_info is deprecated in Firefox and will be removed. Please use RENDERER.
JavaScript warning: https://www.douglas.de/O0pL-jLHl/UM6Sv4WGw/Et7rwtYrf5/aDtvbS14Ag/JF/oMXj1vVQI, line 1: WEBGL_debug_renderer_info is deprecated in Firefox and will be removed. Please use RENDERER.
JavaScript warning: https://www.douglas.de/O0pL-jLHl/UM6Sv4WGw/Et7rwtYrf5/aDtvbS14Ag/JF/oMXj1vVQI, line 1: unreachable code after return statement
JavaScript warning: https://www.douglas.de/O0pL-jLHl/UM6Sv4WGw/Et7rwtYrf5/aDtvbS14Ag/JF/oMXj1vVQI, line 1: WEBGL_debug_renderer_info is deprecated in Firefox and will be removed. Please use RENDERER.
JavaScript warning: https://www.douglas.de/O0pL-jLHl/UM6Sv4WGw/Et7rwtYrf5/aDtvbS14Ag/JF/oMXj1vVQI, line 1: WEBGL_debug_renderer_info is deprecated in Firefox and will be removed. Please use RENDERER.
JavaScript warning: https://www.douglas.de/O0pL-jLHl/UM6Sv4WGw/Et7rwtYrf5/aDtvbS14Ag/JF/oMXj1vVQI, line 1: unreachable code after return statement
JavaScript warning: https://www.douglas.de/O0pL-jLHl/UM6Sv4WGw/Et7rwtYrf5/aDtvbS14Ag/JF/oMXj1vVQI, line 1: WEBGL_debug_renderer_info is deprecated in Firefox and will be removed. Please use RENDERER.
JavaScript warning: https://www.douglas.de/O0pL-jLHl/UM6Sv4WGw/Et7rwtYrf5/aDtvbS14Ag/JF/oMXj1vVQI, line 1: WEBGL_debug_renderer_info is deprecated in Firefox and will be removed. Please use RENDERER.
JavaScript warning: https://www.douglas.de/O0pL-jLHl/UM6Sv4WGw/Et7rwtYrf5/aDtvbS14Ag/JF/oMXj1vVQI, line 1: unreachable code after return statement
JavaScript warning: https://www.douglas.de/O0pL-jLHl/UM6Sv4WGw/Et7rwtYrf5/aDtvbS14Ag/JF/oMXj1vVQI, line 1: WEBGL_debug_renderer_info is deprecated in Firefox and will be removed. Please use RENDERER.
JavaScript warning: https://www.douglas.de/O0pL-jLHl/UM6Sv4WGw/Et7rwtYrf5/aDtvbS14Ag/JF/oMXj1vVQI, line 1: WEBGL_debug_renderer_info is deprecated in Firefox and will be removed. Please use RENDERER.
